<?xml version="1.0" encoding="UTF-8"?>
<testsuite name="com.example.project.TestRepair" tests="2" skipped="0" failures="0" errors="0" timestamp="2025-02-13T17:11:46" hostname="codespaces-6d3a36" time="0.045">
  <properties/>
  <testcase name="testAddRepairPARTA()" classname="com.example.project.TestRepair" time="0.037"/>
  <testcase name="testAvailableMechanicsPARTB()" classname="com.example.project.TestRepair" time="0.007"/>
  <system-out><![CDATA[]]></system-out>
  <system-err><![CDATA[]]></system-err>
</testsuite>
